<?xml version="1.0" encoding="utf-8"?>
<!-- saved from NCover 3.0 Export url='http://www.ncover.com/' -->
<coverage profilerVersion="3.2.4.5844" driverVersion="3.2.4" exportversion="3" viewdisplayname="" startTime="2009-10-01T16:04:15.3493206Z" measureTime="2009-10-01T16:04:16.1023236Z" projectName="" buildid="95c9fcfc-3872-47de-9e36-de540ddacd11" coveragenodeid="0" failed="false" satisfactorybranchthreshold="95" satisfactorycoveragethreshold="95" satisfactorycyclomaticcomplexitythreshold="20" satisfactoryfunctionthreshold="80" satisfactoryunvisitedsequencepoints="10" uiviewtype="TreeView" viewguid="D:/Dev/Derick-GitHub/Albacore/lib/spec/support/CodeCoverage/test-coverage.xml" viewfilterstyle="None" viewreportstyle="SequencePointCoveragePercentage" viewsortstyle="Name">
  <rebasedpaths />
  <filters />
  <documents>
    <doc id="0" excluded="false" url="None" cs="" csa="00000000-0000-0000-0000-000000000000" om="0" nid="0" />
  </documents>
</coverage>