<?xml version="1.0" encoding="utf-8"?>
<!-- saved from NCover 3.0 Export url='http://www.ncover.com/' -->
<coverage profilerVersion="3.2.4.5844" driverVersion="3.2.4" exportversion="3" viewdisplayname="" startTime="2009-10-01T18:00:47.2044652Z" measureTime="2009-10-01T18:00:48.0753134Z" projectName="" buildid="7cb0eca7-21d5-4e9f-b5d4-1abbf4b3c3dd" coveragenodeid="0" failed="true" satisfactorybranchthreshold="95" satisfactorycoveragethreshold="95" satisfactorycyclomaticcomplexitythreshold="20" satisfactoryfunctionthreshold="80" satisfactoryunvisitedsequencepoints="10" uiviewtype="TreeView" viewguid="D:/Dev/Derick-GitHub/Albacore/lib/spec/support/CodeCoverage/test-coverage.xml" viewfilterstyle="None" viewreportstyle="SequencePointCoveragePercentage" viewsortstyle="Name">
  <rebasedpaths />
  <filters />
  <documents>
    <doc id="1" excluded="false" url="D:\Dev\Derick-GitHub\Albacore\lib\spec\support\TestSolution\TestSolution.FailingTests\FailingTestFixture.cs" cs="E390DC0EC786BE62F5B12F098064777A" csa="406ea660-64cf-4c82-b6f0-42d48172a799" om="18" nid="0" />
    <doc id="0" excluded="false" url="None" cs="" csa="00000000-0000-0000-0000-000000000000" om="0" nid="0" />
  </documents>
  <module moduleId="18" name="D:\Dev\Derick-GitHub\Albacore\lib\spec\support\CodeCoverage\failing_assemblies\TestSolution.FailingTests.dll" assembly="TestSolution.FailingTests" assemblyIdentity="TestSolution.FailingTests, Version=1.0.0.0, Culture=neutral, PublicKeyToken=null, processorArchitecture=MSIL" nid="0">
    <class name="TestSolution.FailingTests.FailingTestFixture" signature="TestSolution.FailingTests.FailingTestFixture" excluded="false" nid="0">
      <method name=".ctor" signature=".ctor() : void" excluded="false" instrumented="true" cc="1" vc="1" nid="0">
        <seqpnt vc="1" o="6" l="0" el="0" c="0" ec="0" ex="false" fl="131072" doc="1" nid="0" />
      </method>
      <method name="FailingTest" signature="FailingTest() : void" excluded="false" instrumented="true" cc="1" vc="1" nid="0">
        <seqpnt vc="1" o="1" l="16" el="16" c="4" ec="39" ex="false" fl="65536" doc="1" nid="0" />
        <seqpnt vc="0" o="C" l="0" el="0" c="0" ec="0" ex="false" fl="131072" doc="1" nid="0" />
        <seqpnt vc="0" o="C" l="17" el="17" c="3" ec="4" ex="false" fl="65536" doc="1" nid="0" />
      </method>
    </class>
  </module>
</coverage>