<?xml version="1.0" encoding="utf-8"?>
<!-- saved from NCover 3.0 Export url='http://www.ncover.com/' -->
<coverage profilerVersion="3.2.4.5844" driverVersion="3.2.4" exportversion="3" viewdisplayname="" startTime="2009-09-30T19:22:37.1006607Z" measureTime="2009-09-30T19:22:37.9527038Z" projectName="" buildid="07577ddb-8fcb-47da-b0fe-e5e6eec79370" coveragenodeid="0" failed="false" satisfactorybranchthreshold="95" satisfactorycoveragethreshold="95" satisfactorycyclomaticcomplexitythreshold="20" satisfactoryfunctionthreshold="80" satisfactoryunvisitedsequencepoints="10" uiviewtype="TreeView" viewguid="D:/Dev/Derick-GitHub/Albacore/lib/spec/support/CodeCoverage/test-coverage.xml" viewfilterstyle="None" viewreportstyle="SequencePointCoveragePercentage" viewsortstyle="Name">
  <rebasedpaths />
  <filters />
  <documents>
    <doc id="0" excluded="false" url="None" cs="" csa="00000000-0000-0000-0000-000000000000" om="0" nid="0" />
  </documents>
  <module moduleId="18" name="D:\Dev\Derick-GitHub\Albacore\lib\spec\support\CodeCoverage\Assemblies\TestSolution.Tests.dll" assembly="TestSolution.Tests" assemblyIdentity="TestSolution.Tests, Version=1.0.0.0, Culture=neutral, PublicKeyToken=null, processorArchitecture=MSIL" nid="0">
    <class name="TestSolution.Tests.Class1" signature="TestSolution.Tests.Class1" excluded="false" nid="0">
      <method name=".ctor" signature=".ctor() : void" excluded="false" instrumented="true" cc="1" vc="1" nid="0">
        <seqpnt vc="1" o="6" l="0" el="0" c="0" ec="0" ex="false" fl="131072" doc="0" nid="0" />
      </method>
      <method name="foo" signature="foo() : void" excluded="false" instrumented="true" cc="1" vc="1" nid="0">
        <seqpnt vc="1" o="8" l="0" el="0" c="0" ec="0" ex="false" fl="131072" doc="0" nid="0" />
      </method>
    </class>
  </module>
</coverage>