<?xml version="1.0" encoding="utf-8"?>
<!-- saved from NCover 3.0 Export url='http://www.ncover.com/' -->
<coverage profilerVersion="3.2.4.5844" driverVersion="3.2.4" exportversion="3" viewdisplayname="" startTime="2009-09-30T19:26:29.7669253Z" measureTime="2009-09-30T19:26:30.7679393Z" projectName="" buildid="71976a79-42e4-4d22-bf4f-18faefa44df2" coveragenodeid="0" failed="false" satisfactorybranchthreshold="95" satisfactorycoveragethreshold="95" satisfactorycyclomaticcomplexitythreshold="20" satisfactoryfunctionthreshold="80" satisfactoryunvisitedsequencepoints="10" uiviewtype="TreeView" viewguid="D:/Dev/Derick-GitHub/Albacore/lib/spec/support/CodeCoverage/test-coverage.xml" viewfilterstyle="None" viewreportstyle="SequencePointCoveragePercentage" viewsortstyle="Name">
  <rebasedpaths />
  <filters />
  <documents>
    <doc id="1" excluded="false" url="D:\Dev\Derick-GitHub\Albacore\lib\spec\support\TestSolution\TestSolution.Tests\SomeTestFixture.cs" cs="FF9D3D8F1FC308719B04E5F586A28A36" csa="406ea660-64cf-4c82-b6f0-42d48172a799" om="18" nid="0" />
    <doc id="2" excluded="false" url="D:\Dev\Derick-GitHub\Albacore\lib\spec\support\TestSolution\TestSolution\Class1.cs" cs="525E2AE9A205DDA36C76CBC0791C577C" csa="406ea660-64cf-4c82-b6f0-42d48172a799" om="21" nid="0" />
    <doc id="0" excluded="false" url="None" cs="" csa="00000000-0000-0000-0000-000000000000" om="0" nid="0" />
  </documents>
  <module moduleId="21" name="D:\Dev\Derick-GitHub\Albacore\lib\spec\support\CodeCoverage\Assemblies\TestSolution.dll" assembly="TestSolution" assemblyIdentity="TestSolution, Version=1.0.0.0, Culture=neutral, PublicKeyToken=null, processorArchitecture=MSIL" nid="0">
    <class name="TestSolution.Class1" signature="TestSolution.Class1" excluded="false" nid="0">
      <method name=".ctor" signature=".ctor() : void" excluded="false" instrumented="true" cc="1" vc="1" nid="0">
        <seqpnt vc="1" o="6" l="0" el="0" c="0" ec="0" ex="false" fl="131072" doc="2" nid="0" />
      </method>
      <method name="Foo" signature="Foo() : System.String" excluded="false" instrumented="true" cc="1" vc="1" nid="0">
        <seqpnt vc="1" o="1" l="13" el="13" c="4" ec="17" ex="false" fl="65536" doc="2" nid="0" />
        <seqpnt vc="1" o="9" l="14" el="14" c="3" ec="4" ex="false" fl="65536" doc="2" nid="0" />
        <seqpnt vc="1" o="A" l="0" el="0" c="0" ec="0" ex="false" fl="131072" doc="2" nid="0" />
      </method>
    </class>
  </module>
  <module moduleId="18" name="D:\Dev\Derick-GitHub\Albacore\lib\spec\support\CodeCoverage\Assemblies\TestSolution.Tests.dll" assembly="TestSolution.Tests" assemblyIdentity="TestSolution.Tests, Version=1.0.0.0, Culture=neutral, PublicKeyToken=null, processorArchitecture=MSIL" nid="0">
    <class name="TestSolution.Tests.SomeTestFixture" signature="TestSolution.Tests.SomeTestFixture" excluded="false" nid="0">
      <method name=".ctor" signature=".ctor() : void" excluded="false" instrumented="true" cc="1" vc="1" nid="0">
        <seqpnt vc="1" o="6" l="0" el="0" c="0" ec="0" ex="false" fl="131072" doc="1" nid="0" />
      </method>
      <method name="foo" signature="foo() : void" excluded="false" instrumented="true" cc="1" vc="1" nid="0">
        <seqpnt vc="1" o="1" l="17" el="17" c="4" ec="29" ex="false" fl="65536" doc="1" nid="0" />
        <seqpnt vc="1" o="7" l="18" el="18" c="4" ec="24" ex="false" fl="65536" doc="1" nid="0" />
        <seqpnt vc="1" o="E" l="19" el="19" c="4" ec="30" ex="false" fl="65536" doc="1" nid="0" />
        <seqpnt vc="1" o="1A" l="0" el="0" c="0" ec="0" ex="false" fl="131072" doc="1" nid="0" />
        <seqpnt vc="1" o="1A" l="20" el="20" c="3" ec="4" ex="false" fl="65536" doc="1" nid="0" />
      </method>
    </class>
  </module>
</coverage>