<?xml version="1.0" encoding="utf-8" standalone="no"?>
<!--This file represents the results of running a test suite-->
<test-results name="D:/Dev/Derick-GitHub/Albacore/lib/spec/support/CodeCoverage/failing_assemblies/TestSolution.FailingTests.dll" total="1" errors="0" failures="1" not-run="0" inconclusive="0" ignored="0" skipped="0" invalid="0" date="2009-10-05" time="15:04:25">
  <environment nunit-version="2.5.2.9222" clr-version="2.0.50727.4927" os-version="Microsoft Windows NT 6.1.7600.0" platform="Win32NT" cwd="D:\Dev\Derick-GitHub\Albacore\lib\spec\support\CodeCoverage" machine-name="MATDEV09S" user="derickb" user-domain="MAT" />
  <culture-info current-culture="en-US" current-uiculture="en-US" />
  <test-suite name="D:/Dev/Derick-GitHub/Albacore/lib/spec/support/CodeCoverage/failing_assemblies/TestSolution.FailingTests.dll" executed="True" success="False" time="0.022" asserts="0">
    <results>
      <test-suite name="TestSolution" executed="True" success="False" time="0.019" asserts="0">
        <results>
          <test-suite name="FailingTests" executed="True" success="False" time="0.019" asserts="0">
            <results>
              <test-suite name="FailingTestFixture" executed="True" success="False" time="0.018" asserts="0">
                <results>
                  <test-case name="TestSolution.FailingTests.FailingTestFixture.FailingTest" executed="True" success="False" time="0.009" asserts="0">
                    <failure>
                      <message><![CDATA[I'm A Failing Test!]]></message>
                      <stack-trace><![CDATA[at TestSolution.FailingTests.FailingTestFixture.FailingTest()
]]></stack-trace>
                    </failure>
                  </test-case>
                </results>
              </test-suite>
            </results>
          </test-suite>
        </results>
      </test-suite>
    </results>
  </test-suite>
</test-results>